Nodes: 2 | Threads: 2 | Size: 1000000 | Payload: 1 | Time: 0.2411
Nodes: 4 | Threads: 2 | Size: 1000000 | Payload: 1 | Time: 0.2547
Nodes: 8 | Threads: 2 | Size: 1000000 | Payload: 1 | Time: 0.2828
Nodes: 2 | Threads: 4 | Size: 1000000 | Payload: 1 | Time: 0.2322
Nodes: 4 | Threads: 4 | Size: 1000000 | Payload: 1 | Time: 0.2509
Nodes: 8 | Threads: 4 | Size: 1000000 | Payload: 1 | Time: 0.2897
Nodes: 2 | Threads: 8 | Size: 1000000 | Payload: 1 | Time: 0.2286
Nodes: 4 | Threads: 8 | Size: 1000000 | Payload: 1 | Time: 0.2498
Nodes: 8 | Threads: 8 | Size: 1000000 | Payload: 1 | Time: 0.2917
Nodes: 2 | Threads: 16 | Size: 1000000 | Payload: 1 | Time: 0.2308
Nodes: 4 | Threads: 16 | Size: 1000000 | Payload: 1 | Time: 0.2487
Nodes: 8 | Threads: 16 | Size: 1000000 | Payload: 1 | Time: 0.2814
Nodes: 2 | Threads: 32 | Size: 1000000 | Payload: 1 | Time: 0.2514
Nodes: 4 | Threads: 32 | Size: 1000000 | Payload: 1 | Time: 0.2718
Nodes: 8 | Threads: 32 | Size: 1000000 | Payload: 1 | Time: 0.3125
Nodes: 2 | Threads: 2 | Size: 1000000 | Payload: 24 | Time: 0.5889
Nodes: 4 | Threads: 2 | Size: 1000000 | Payload: 24 | Time: 0.6224
Nodes: 8 | Threads: 2 | Size: 1000000 | Payload: 24 | Time: 0.6712
Nodes: 2 | Threads: 4 | Size: 1000000 | Payload: 24 | Time: 0.6133
Nodes: 4 | Threads: 4 | Size: 1000000 | Payload: 24 | Time: 0.5982
Nodes: 8 | Threads: 4 | Size: 1000000 | Payload: 24 | Time: 0.6386
Nodes: 2 | Threads: 8 | Size: 1000000 | Payload: 24 | Time: 0.5983
Nodes: 4 | Threads: 8 | Size: 1000000 | Payload: 24 | Time: 0.5963
Nodes: 8 | Threads: 8 | Size: 1000000 | Payload: 24 | Time: 0.6392
Nodes: 2 | Threads: 16 | Size: 1000000 | Payload: 24 | Time: 0.5796
Nodes: 4 | Threads: 16 | Size: 1000000 | Payload: 24 | Time: 0.6121
Nodes: 8 | Threads: 16 | Size: 1000000 | Payload: 24 | Time: 0.6411
Nodes: 2 | Threads: 32 | Size: 1000000 | Payload: 24 | Time: 0.6109
Nodes: 4 | Threads: 32 | Size: 1000000 | Payload: 24 | Time: 0.6172
Nodes: 8 | Threads: 32 | Size: 1000000 | Payload: 24 | Time: 0.6640
Nodes: 2 | Threads: 2 | Size: 1000000 | Payload: 256 | Time: 3.3167
Nodes: 4 | Threads: 2 | Size: 1000000 | Payload: 256 | Time: 3.3035
Nodes: 8 | Threads: 2 | Size: 1000000 | Payload: 256 | Time: 3.3399
Nodes: 2 | Threads: 4 | Size: 1000000 | Payload: 256 | Time: 3.3011
Nodes: 4 | Threads: 4 | Size: 1000000 | Payload: 256 | Time: 3.2867
Nodes: 8 | Threads: 4 | Size: 1000000 | Payload: 256 | Time: 3.3972
Nodes: 2 | Threads: 8 | Size: 1000000 | Payload: 256 | Time: 3.2988
Nodes: 4 | Threads: 8 | Size: 1000000 | Payload: 256 | Time: 3.3069
Nodes: 8 | Threads: 8 | Size: 1000000 | Payload: 256 | Time: 3.4265
Nodes: 2 | Threads: 16 | Size: 1000000 | Payload: 256 | Time: 3.2782
Nodes: 4 | Threads: 16 | Size: 1000000 | Payload: 256 | Time: 3.3010
Nodes: 8 | Threads: 16 | Size: 1000000 | Payload: 256 | Time: 3.3385
Nodes: 2 | Threads: 32 | Size: 1000000 | Payload: 256 | Time: 3.3295
Nodes: 4 | Threads: 32 | Size: 1000000 | Payload: 256 | Time: 3.3080
Nodes: 8 | Threads: 32 | Size: 1000000 | Payload: 256 | Time: 3.3511
Nodes: 2 | Threads: 2 | Size: 10000000 | Payload: 1 | Time: 2.3142
Nodes: 4 | Threads: 2 | Size: 10000000 | Payload: 1 | Time: 2.3003
Nodes: 8 | Threads: 2 | Size: 10000000 | Payload: 1 | Time: 2.3010
Nodes: 2 | Threads: 4 | Size: 10000000 | Payload: 1 | Time: 2.2298
Nodes: 4 | Threads: 4 | Size: 10000000 | Payload: 1 | Time: 2.2532
Nodes: 8 | Threads: 4 | Size: 10000000 | Payload: 1 | Time: 2.2765
Nodes: 2 | Threads: 8 | Size: 10000000 | Payload: 1 | Time: 2.1653
Nodes: 4 | Threads: 8 | Size: 10000000 | Payload: 1 | Time: 2.2431
Nodes: 8 | Threads: 8 | Size: 10000000 | Payload: 1 | Time: 2.2518
Nodes: 2 | Threads: 16 | Size: 10000000 | Payload: 1 | Time: 2.2077
Nodes: 4 | Threads: 16 | Size: 10000000 | Payload: 1 | Time: 2.2424
Nodes: 8 | Threads: 16 | Size: 10000000 | Payload: 1 | Time: 2.2578
Nodes: 2 | Threads: 32 | Size: 10000000 | Payload: 1 | Time: 2.3244
Nodes: 4 | Threads: 32 | Size: 10000000 | Payload: 1 | Time: 2.2544
Nodes: 8 | Threads: 32 | Size: 10000000 | Payload: 1 | Time: 2.2968
Nodes: 2 | Threads: 2 | Size: 10000000 | Payload: 24 | Time: 5.9584
Nodes: 4 | Threads: 2 | Size: 10000000 | Payload: 24 | Time: 5.9659
Nodes: 8 | Threads: 2 | Size: 10000000 | Payload: 24 | Time: 5.9212
Nodes: 2 | Threads: 4 | Size: 10000000 | Payload: 24 | Time: 5.8383
Nodes: 4 | Threads: 4 | Size: 10000000 | Payload: 24 | Time: 5.8797
Nodes: 8 | Threads: 4 | Size: 10000000 | Payload: 24 | Time: 5.8663
Nodes: 2 | Threads: 8 | Size: 10000000 | Payload: 24 | Time: 5.7927
Nodes: 4 | Threads: 8 | Size: 10000000 | Payload: 24 | Time: 5.8696
Nodes: 8 | Threads: 8 | Size: 10000000 | Payload: 24 | Time: 5.8758
Nodes: 2 | Threads: 16 | Size: 10000000 | Payload: 24 | Time: 5.8721
Nodes: 4 | Threads: 16 | Size: 10000000 | Payload: 24 | Time: 5.8741
Nodes: 8 | Threads: 16 | Size: 10000000 | Payload: 24 | Time: 5.8994
Nodes: 2 | Threads: 32 | Size: 10000000 | Payload: 24 | Time: 5.9296
Nodes: 4 | Threads: 32 | Size: 10000000 | Payload: 24 | Time: 5.9175
Nodes: 8 | Threads: 32 | Size: 10000000 | Payload: 24 | Time: 5.9155
Nodes: 2 | Threads: 2 | Size: 10000000 | Payload: 256 | Time: 32.9449
Nodes: 4 | Threads: 2 | Size: 10000000 | Payload: 256 | Time: 32.9412
Nodes: 8 | Threads: 2 | Size: 10000000 | Payload: 256 | Time: 32.8973
Nodes: 2 | Threads: 4 | Size: 10000000 | Payload: 256 | Time: 32.8772
Nodes: 4 | Threads: 4 | Size: 10000000 | Payload: 256 | Time: 32.9079
Nodes: 8 | Threads: 4 | Size: 10000000 | Payload: 256 | Time: 33.1914
Nodes: 2 | Threads: 8 | Size: 10000000 | Payload: 256 | Time: 33.2022
Nodes: 4 | Threads: 8 | Size: 10000000 | Payload: 256 | Time: 32.9928
Nodes: 8 | Threads: 8 | Size: 10000000 | Payload: 256 | Time: 33.4080
Nodes: 2 | Threads: 16 | Size: 10000000 | Payload: 256 | Time: 32.8748
Nodes: 4 | Threads: 16 | Size: 10000000 | Payload: 256 | Time: 32.8792
Nodes: 8 | Threads: 16 | Size: 10000000 | Payload: 256 | Time: 32.9053
Nodes: 2 | Threads: 32 | Size: 10000000 | Payload: 256 | Time: 32.9530
Nodes: 4 | Threads: 32 | Size: 10000000 | Payload: 256 | Time: 32.9531
Nodes: 8 | Threads: 32 | Size: 10000000 | Payload: 256 | Time: 32.9897
Nodes: 2 | Threads: 2 | Size: 100000000 | Payload: 1 | Time: 23.7534
Nodes: 4 | Threads: 2 | Size: 100000000 | Payload: 1 | Time: 23.3100
Nodes: 8 | Threads: 2 | Size: 100000000 | Payload: 1 | Time: 22.9124
Nodes: 2 | Threads: 4 | Size: 100000000 | Payload: 1 | Time: 22.5193
Nodes: 4 | Threads: 4 | Size: 100000000 | Payload: 1 | Time: 22.6500
Nodes: 8 | Threads: 4 | Size: 100000000 | Payload: 1 | Time: 22.7375
Nodes: 2 | Threads: 8 | Size: 100000000 | Payload: 1 | Time: 22.1562
Nodes: 4 | Threads: 8 | Size: 100000000 | Payload: 1 | Time: 22.5925
Nodes: 8 | Threads: 8 | Size: 100000000 | Payload: 1 | Time: 22.5310
Nodes: 2 | Threads: 16 | Size: 100000000 | Payload: 1 | Time: 22.3686
Nodes: 4 | Threads: 16 | Size: 100000000 | Payload: 1 | Time: 22.6026
Nodes: 8 | Threads: 16 | Size: 100000000 | Payload: 1 | Time: 22.5901
Nodes: 2 | Threads: 32 | Size: 100000000 | Payload: 1 | Time: 23.9043
Nodes: 4 | Threads: 32 | Size: 100000000 | Payload: 1 | Time: 23.1967
Nodes: 8 | Threads: 32 | Size: 100000000 | Payload: 1 | Time: 22.9507
Nodes: 2 | Threads: 2 | Size: 100000000 | Payload: 24 | Time: 59.9053
Nodes: 4 | Threads: 2 | Size: 100000000 | Payload: 24 | Time: 59.0058
Nodes: 8 | Threads: 2 | Size: 100000000 | Payload: 24 | Time: 58.8610
Nodes: 2 | Threads: 4 | Size: 100000000 | Payload: 24 | Time: 58.7167
Nodes: 4 | Threads: 4 | Size: 100000000 | Payload: 24 | Time: 58.7668
Nodes: 8 | Threads: 4 | Size: 100000000 | Payload: 24 | Time: 58.5906
Nodes: 2 | Threads: 8 | Size: 100000000 | Payload: 24 | Time: 58.1676
Nodes: 4 | Threads: 8 | Size: 100000000 | Payload: 24 | Time: 58.5208
Nodes: 8 | Threads: 8 | Size: 100000000 | Payload: 24 | Time: 60.2510
Nodes: 2 | Threads: 16 | Size: 100000000 | Payload: 24 | Time: 58.6308
Nodes: 4 | Threads: 16 | Size: 100000000 | Payload: 24 | Time: 60.6769
Nodes: 8 | Threads: 16 | Size: 100000000 | Payload: 24 | Time: 58.5028
Nodes: 2 | Threads: 32 | Size: 100000000 | Payload: 24 | Time: 59.9900
Nodes: 4 | Threads: 32 | Size: 100000000 | Payload: 24 | Time: 59.3219
Nodes: 8 | Threads: 32 | Size: 100000000 | Payload: 24 | Time: 58.8645
Nodes: 2 | Threads: 2 | Size: 100000000 | Payload: 256 | Time: 330.9130
Nodes: 4 | Threads: 2 | Size: 100000000 | Payload: 256 | Time: 328.6660
Nodes: 8 | Threads: 2 | Size: 100000000 | Payload: 256 | Time: 327.9620
Nodes: 2 | Threads: 4 | Size: 100000000 | Payload: 256 | Time: 330.9250
Nodes: 4 | Threads: 4 | Size: 100000000 | Payload: 256 | Time: 328.0970
Nodes: 8 | Threads: 4 | Size: 100000000 | Payload: 256 | Time: 329.8020
Nodes: 2 | Threads: 8 | Size: 100000000 | Payload: 256 | Time: 327.5420
Nodes: 4 | Threads: 8 | Size: 100000000 | Payload: 256 | Time: 328.7790
Nodes: 8 | Threads: 8 | Size: 100000000 | Payload: 256 | Time: 328.6090
Nodes: 2 | Threads: 16 | Size: 100000000 | Payload: 256 | Time: 329.0340
Nodes: 4 | Threads: 16 | Size: 100000000 | Payload: 256 | Time: 329.0430
Nodes: 8 | Threads: 16 | Size: 100000000 | Payload: 256 | Time: 329.2490
Nodes: 2 | Threads: 32 | Size: 100000000 | Payload: 256 | Time: 329.5770
Nodes: 4 | Threads: 32 | Size: 100000000 | Payload: 256 | Time: 329.6110
Nodes: 8 | Threads: 32 | Size: 100000000 | Payload: 256 | Time: 328.9900
Nodes: 1 | Threads: 1 | Size: 1000000 | Payload: 1 | Time: 0.1037
Nodes: 1 | Threads: 1 | Size: 1000000 | Payload: 24 | Time: 0.1040
Nodes: 1 | Threads: 1 | Size: 1000000 | Payload: 256 | Time: 0.1036
Nodes: 1 | Threads: 1 | Size: 10000000 | Payload: 1 | Time: 1.2136
Nodes: 1 | Threads: 1 | Size: 10000000 | Payload: 24 | Time: 1.1991
Nodes: 1 | Threads: 1 | Size: 10000000 | Payload: 256 | Time: 1.2067
Nodes: 1 | Threads: 1 | Size: 100000000 | Payload: 1 | Time: 14.0980
Nodes: 1 | Threads: 1 | Size: 100000000 | Payload: 24 | Time: 13.7097
Nodes: 1 | Threads: 1 | Size: 100000000 | Payload: 256 | Time: 14.0324
Nodes: 2 | Threads: 8 | Size: 20000000 | Payload: 1 | Time: 4.3759
Nodes: 4 | Threads: 8 | Size: 20000000 | Payload: 1 | Time: 4.4441
Nodes: 8 | Threads: 8 | Size: 20000000 | Payload: 1 | Time: 4.4884
Nodes: 2 | Threads: 16 | Size: 20000000 | Payload: 1 | Time: 4.4539
Nodes: 4 | Threads: 16 | Size: 20000000 | Payload: 1 | Time: 4.5565
Nodes: 8 | Threads: 16 | Size: 20000000 | Payload: 1 | Time: 4.5115
Nodes: 2 | Threads: 32 | Size: 20000000 | Payload: 1 | Time: 4.6036
Nodes: 4 | Threads: 32 | Size: 20000000 | Payload: 1 | Time: 4.5521
Nodes: 8 | Threads: 32 | Size: 20000000 | Payload: 1 | Time: 4.5595
Nodes: 2 | Threads: 8 | Size: 40000000 | Payload: 1 | Time: 8.9181
Nodes: 4 | Threads: 8 | Size: 40000000 | Payload: 1 | Time: 9.0600
Nodes: 8 | Threads: 8 | Size: 40000000 | Payload: 1 | Time: 9.1534
Nodes: 2 | Threads: 16 | Size: 40000000 | Payload: 1 | Time: 9.0857
Nodes: 4 | Threads: 16 | Size: 40000000 | Payload: 1 | Time: 9.1544
Nodes: 8 | Threads: 16 | Size: 40000000 | Payload: 1 | Time: 9.2144
Nodes: 2 | Threads: 32 | Size: 40000000 | Payload: 1 | Time: 9.6084
Nodes: 4 | Threads: 32 | Size: 40000000 | Payload: 1 | Time: 9.3793
Nodes: 8 | Threads: 32 | Size: 40000000 | Payload: 1 | Time: 9.2775
Nodes: 2 | Threads: 8 | Size: 80000000 | Payload: 1 | Time: 18.0969
Nodes: 4 | Threads: 8 | Size: 80000000 | Payload: 1 | Time: 18.4316
Nodes: 8 | Threads: 8 | Size: 80000000 | Payload: 1 | Time: 18.5103
Nodes: 2 | Threads: 16 | Size: 80000000 | Payload: 1 | Time: 18.7009
Nodes: 4 | Threads: 16 | Size: 80000000 | Payload: 1 | Time: 18.6277
Nodes: 8 | Threads: 16 | Size: 80000000 | Payload: 1 | Time: 19.0046
Nodes: 2 | Threads: 32 | Size: 80000000 | Payload: 1 | Time: 19.5780
Nodes: 4 | Threads: 32 | Size: 80000000 | Payload: 1 | Time: 19.0202
Nodes: 8 | Threads: 32 | Size: 80000000 | Payload: 1 | Time: 18.7817
Nodes: 2 | Threads: 1 | Size: 20000000 | Payload: 1 | Time: 5.1853
Nodes: 4 | Threads: 1 | Size: 20000000 | Payload: 1 | Time: 4.8162
Nodes: 8 | Threads: 1 | Size: 20000000 | Payload: 1 | Time: 4.6625
Nodes: 2 | Threads: 1 | Size: 40000000 | Payload: 1 | Time: 10.6200
Nodes: 4 | Threads: 1 | Size: 40000000 | Payload: 1 | Time: 9.8710
Nodes: 8 | Threads: 1 | Size: 40000000 | Payload: 1 | Time: 9.5553
Nodes: 2 | Threads: 1 | Size: 80000000 | Payload: 1 | Time: 21.6622
Nodes: 4 | Threads: 1 | Size: 80000000 | Payload: 1 | Time: 19.9850
Nodes: 8 | Threads: 1 | Size: 80000000 | Payload: 1 | Time: 19.3776
